<?xml version="1.0" encoding="UTF-8"?>
<testsuites tests="11" failures="0" disabled="0" errors="0" time="0.427" timestamp="2023-12-12T01:37:27.305" name="AllTests">
  <testsuite name="DBSuite" tests="6" failures="0" disabled="0" skipped="0" errors="0" time="0.427" timestamp="2023-12-12T01:37:27.305">
    <testcase name="Sanity" status="run" result="completed" time="0.071" timestamp="2023-12-12T01:37:27.305" classname="DBSuite" />
    <testcase name="findDrawing" status="run" result="completed" time="0.066" timestamp="2023-12-12T01:37:27.377" classname="DBSuite" />
    <testcase name="modifyPainterName" status="run" result="completed" time="0.072" timestamp="2023-12-12T01:37:27.443" classname="DBSuite" />
    <testcase name="modifyDrawing" status="run" result="completed" time="0.069" timestamp="2023-12-12T01:37:27.516" classname="DBSuite" />
    <testcase name="ClientNewPainter" status="run" result="completed" time="0.07" timestamp="2023-12-12T01:37:27.585" classname="DBSuite" />
    <testcase name="ClientNewDrawing" status="run" result="completed" time="0.076" timestamp="2023-12-12T01:37:27.656" classname="DBSuite" />
  </testsuite>
  <testsuite name="ParserSuite" tests="5" failures="0" disabled="0" skipped="0" errors="0" time="0" timestamp="2023-12-12T01:37:27.733">
    <testcase name="ScannerOnTriangle" status="run" result="completed" time="0" timestamp="2023-12-12T01:37:27.733" classname="ParserSuite" />
    <testcase name="ParserOnTriangle" status="run" result="completed" time="0" timestamp="2023-12-12T01:37:27.733" classname="ParserSuite" />
    <testcase name="ParserOnCompoundOfTwoTriangles" status="run" result="completed" time="0" timestamp="2023-12-12T01:37:27.733" classname="ParserSuite" />
    <testcase name="ParserOnTestData" status="run" result="completed" time="0" timestamp="2023-12-12T01:37:27.733" classname="ParserSuite" />
    <testcase name="ParserWithBuilder" status="run" result="completed" time="0" timestamp="2023-12-12T01:37:27.733" classname="ParserSuite" />
  </testsuite>
</testsuites>
